2025-05-27 17:28:57 - Query: UPDATE tbl_vacaciones 
                SET estado = 'Cumplidas' 
                WHERE estado = 'Aprobado' 
                AND DATE(fecha_fin) <= '2025-05-27'
Values: Array
(
)


Success! Rows affected: 0

2025-05-27 17:35:55 - Query: UPDATE tbl_funcionarios_ops SET correo_elc=?, nombre_completo=?, imagen=?, status=?, nm_identificacion=?, cargo_fk=?, dependencia_fk=?, contrato_fk=?, celular=?, direccion=?, fecha_ingreso=?, hijos=?, nombres_de_hijos=?, sexo=?, lugar_de_residencia=?, edad=?, estado_civil=?, religion=?, formacion_academica=?, nombre_formacion=? WHERE idefuncionario = 13
Values: Array
(
    [0] => Carlos@gmail.com
    [1] => Carlos Lopez
    [2] => sinimagen.png
    [3] => 1
    [4] => 1111111111111111
    [5] => 3
    [6] => 1
    [7] => 3
    [8] => 1
    [9] => 1
    [10] => 2025-05-27
    [11] => 0
    [12] => 
    [13] => masculino
    [14] => 1
    [15] => 1
    [16] => divorciado
    [17] => no_creyente
    [18] => tecnico
    [19] => 1
)


Success! Rows affected: 1

2025-05-27 17:36:19 - Query: UPDATE tbl_funcionarios_ops SET correo_elc=?, nombre_completo=?, imagen=?, status=?, nm_identificacion=?, cargo_fk=?, dependencia_fk=?, contrato_fk=?, celular=?, direccion=?, fecha_ingreso=?, hijos=?, nombres_de_hijos=?, sexo=?, lugar_de_residencia=?, edad=?, estado_civil=?, religion=?, formacion_academica=?, nombre_formacion=? WHERE idefuncionario = 13
Values: Array
(
    [0] => Carlos@gmail.com
    [1] => Carlos Lopez
    [2] => sinimagen.png
    [3] => 1
    [4] => 474836472342343223
    [5] => 3
    [6] => 1
    [7] => 3
    [8] => 1
    [9] => 1
    [10] => 2025-05-27
    [11] => 0
    [12] => 
    [13] => masculino
    [14] => 1
    [15] => 1
    [16] => divorciado
    [17] => no_creyente
    [18] => tecnico
    [19] => 1
)


Success! Rows affected: 0

2025-05-27 17:36:48 - Query: UPDATE tbl_funcionarios_ops SET correo_elc=?, nombre_completo=?, imagen=?, status=?, nm_identificacion=?, cargo_fk=?, dependencia_fk=?, contrato_fk=?, celular=?, direccion=?, fecha_ingreso=?, hijos=?, nombres_de_hijos=?, sexo=?, lugar_de_residencia=?, edad=?, estado_civil=?, religion=?, formacion_academica=?, nombre_formacion=? WHERE idefuncionario = 14
Values: Array
(
    [0] => gjaisjsa@gmial.com
    [1] => aaaaaaaaaaa
    [2] => sinimagen.png
    [3] => 1
    [4] => 2000000000
    [5] => 3
    [6] => 1
    [7] => 3
    [8] => 2
    [9] => 2
    [10] => 2025-05-27
    [11] => 0
    [12] => 
    [13] => masculino
    [14] => 2
    [15] => 2
    [16] => casado
    [17] => cristiano
    [18] => tecnico
    [19] => fgdf
)


Success! Rows affected: 1

2025-05-27 17:36:51 - Query: UPDATE tbl_funcionarios_ops SET status = ? WHERE idefuncionario = 13
Values: Array
(
    [0] => 0
)


Success! Rows affected: 1

2025-05-27 17:36:56 - Query: UPDATE tbl_funcionarios_ops SET status = ? WHERE idefuncionario = 14
Values: Array
(
    [0] => 0
)


Success! Rows affected: 1

2025-05-27 17:38:35 - Query: UPDATE tbl_funcionarios_ops SET status = ? WHERE idefuncionario = 12
Values: Array
(
    [0] => 0
)


Success! Rows affected: 1

2025-05-27 17:43:03 - Query: UPDATE tbl_funcionarios_ops SET status = ? WHERE idefuncionario = 12
Values: Array
(
    [0] => 0
)


Success! Rows affected: 1

2025-05-27 17:49:19 - Query: UPDATE tbl_funcionarios_ops SET status = ? WHERE idefuncionario = 12
Values: Array
(
    [0] => 0
)


Success! Rows affected: 1

2025-05-27 17:55:39 - Query: UPDATE tbl_funcionarios_ops SET status = ? WHERE idefuncionario = 12
Values: Array
(
    [0] => 0
)


Success! Rows affected: 1

2025-05-28 09:50:41 - Query: UPDATE tbl_vacaciones 
                SET estado = 'Cumplidas' 
                WHERE estado = 'Aprobado' 
                AND DATE(fecha_fin) <= '2025-05-28'
Values: Array
(
)


Success! Rows affected: 0

2025-05-28 09:50:50 - Query: UPDATE tbl_vacaciones 
                SET estado = 'Cumplidas' 
                WHERE estado = 'Aprobado' 
                AND DATE(fecha_fin) <= '2025-05-28'
Values: Array
(
)


Success! Rows affected: 0

2025-05-28 10:00:57 - Query: UPDATE tbl_vacaciones 
                SET estado = 'Cumplidas' 
                WHERE estado = 'Aprobado' 
                AND DATE(fecha_fin) <= '2025-05-28'
Values: Array
(
)


Success! Rows affected: 0

2025-05-28 16:52:16 - Query: UPDATE tbl_usuarios SET correo=?, nombres=?, password=?, rolid=?, status=?
                    WHERE ideusuario = 8 
Values: Array
(
    [0] => secretaria.ntic@gmail.com.co
    [1] => Secretaria Luz
    [2] => 8bb0cf6eb9b17d0f7d22b456f121257dc1254e1f01665370476383ea776df414
    [3] => 2
    [4] => 1
)


Success! Rows affected: 1

2025-05-28 17:01:05 - Query: UPDATE tbl_usuarios SET correo=?, nombres=?, password=?, rolid=?, status=?
                    WHERE ideusuario = 8 
Values: Array
(
    [0] => secretaria.ntic@gmail.com.co
    [1] => Secretaria Luz
    [2] => 6b51d431df5d7f141cbececcf79edf3dd861c3b4069f0b11661a3eefacbba918
    [3] => 2
    [4] => 1
)


Success! Rows affected: 1

2025-05-28 17:47:06 - Query: UPDATE tbl_usuarios SET correo=?, nombres=?, password=?, rolid=?, status=?
                    WHERE ideusuario = 8 
Values: Array
(
    [0] => secretaria.ntic@gmail.com.co
    [1] => Secretaria Luz
    [2] => a665a45920422f9d417e4867efdc4fb8a04a1f3fff1fa07e998e86f7f7a27ae3
    [3] => 2
    [4] => 1
)


Success! Rows affected: 1

2025-05-28 17:54:55 - Query: UPDATE tbl_usuarios SET correo=?, nombres=?, password=?, rolid=?, status=?
                    WHERE ideusuario = 8 
Values: Array
(
    [0] => secretaria.ntic@gmail.com.co
    [1] => Secretaria Luz
    [2] => 5b395959933ad933267f8e503d63b7aa8112523a66b8be4895b54a9a026682d0
    [3] => 2
    [4] => 1
)


Success! Rows affected: 1

