2025-05-28 09:48:37 - Query: INSERT INTO tbl_funcionarios_planta(
                    correo_elc, nombre_completo, imagen, nm_identificacion,
                    cargo_fk, dependencia_fk, contrato_fk, celular, direccion, fecha_ingreso,
                    hijos, nombres_de_hijos, sexo, lugar_de_residencia,
                    edad, estado_civil, religion, formacion_academica, nombre_formacion,
                    status, periodos_vacaciones)
                VALUES(?,?,?,?,?,?,?,?,?,?,?,?,?,?,?,?,?,?,?,?,0)
Values: Array
(
    [0] => DSFSD@GMAIL.COM
    [1] => ADFSDFD
    [2] => sinimagen.png
    [3] => 32423
    [4] => 3
    [5] => 1
    [6] => 1
    [7] => 12312
    [8] => WQWE23
    [9] => 3233-02-23
    [10] => 234
    [11] => SDFSDFD
    [12] => masculino
    [13] => SDFSD
    [14] => 324
    [15] => casado
    [16] => ateo
    [17] => tecnologo
    [18] => ASDASD
    [19] => 1
)


Success! Last Insert ID: 17

2025-05-28 16:35:59 - Query: INSERT INTO tbl_cargos(nombre,nivel,salario,estatus)
            VALUES(?,?,?,?)
Values: Array
(
    [0] => hola
    [1] => 1
    [2] => 1.2753817209763E+23
    [3] => 1
)


Success! Last Insert ID: 34

2025-05-28 17:13:51 - Query: INSERT INTO tbl_cargos(nombre,nivel,salario,estatus)
            VALUES(?,?,?,?)
Values: Array
(
    [0] => Ayudante (GS 3)
    [1] => Asistencial
    [2] => 2009543
    [3] => 1
)


Success! Last Insert ID: 35

2025-05-28 17:15:19 - Query: INSERT INTO tbl_cargos(nombre,nivel,salario,estatus)
            VALUES(?,?,?,?)
Values: Array
(
    [0] => Ayudante (GS 2)
    [1] => Asistencial
    [2] => 1863226
    [3] => 1
)


Success! Last Insert ID: 36

2025-05-28 17:16:24 - Query: INSERT INTO tbl_cargos(nombre,nivel,salario,estatus)
            VALUES(?,?,?,?)
Values: Array
(
    [0] => Conductor
    [1] => Asistencial
    [2] => 2809334
    [3] => 1
)


Success! Last Insert ID: 37

2025-05-28 17:18:12 - Query: INSERT INTO tbl_cargos(nombre,nivel,salario,estatus)
            VALUES(?,?,?,?)
Values: Array
(
    [0] => Secretaria Ejecutiva
    [1] => Asistencial
    [2] => 2775379
    [3] => 1
)


Success! Last Insert ID: 38

2025-05-28 17:18:44 - Query: INSERT INTO tbl_cargos(nombre,nivel,salario,estatus)
            VALUES(?,?,?,?)
Values: Array
(
    [0] => Celador
    [1] => Asistencial
    [2] => 1863226
    [3] => 1
)


Success! Last Insert ID: 39

2025-05-28 17:20:03 - Query: INSERT INTO tbl_cargos(nombre,nivel,salario,estatus)
            VALUES(?,?,?,?)
Values: Array
(
    [0] => Auxiliar de Servicios Generales
    [1] => Asistencial
    [2] => 1573388
    [3] => 1
)


Success! Last Insert ID: 40

2025-05-28 17:23:43 - Query: INSERT INTO tbl_cargos(nombre,nivel,salario,estatus)
            VALUES(?,?,?,?)
Values: Array
(
    [0] => Auxiliar Administrativo (GS 2)
    [1] => Asistencial
    [2] => 1863226
    [3] => 1
)


Success! Last Insert ID: 41

2025-05-28 17:24:50 - Query: INSERT INTO tbl_cargos(nombre,nivel,salario,estatus)
            VALUES(?,?,?,?)
Values: Array
(
    [0] => Auxiliar Administrativo (GS 4)
    [1] => Asistencial
    [2] => 2775397
    [3] => 1
)


Success! Last Insert ID: 42

2025-05-28 17:27:06 - Query: INSERT INTO tbl_cargos(nombre,nivel,salario,estatus)
            VALUES(?,?,?,?)
Values: Array
(
    [0] => Secretaria Ejecutiva del Despacho del alcalde
    [1] => Asistencial
    [2] => 2810573
    [3] => 1
)


Success! Last Insert ID: 43

2025-05-28 17:28:00 - Query: INSERT INTO tbl_cargos(nombre,nivel,salario,estatus)
            VALUES(?,?,?,?)
Values: Array
(
    [0] => Inspector de Policia
    [1] => Técnico
    [2] => 2825896
    [3] => 1
)


Success! Last Insert ID: 44

2025-05-28 17:29:13 - Query: INSERT INTO tbl_cargos(nombre,nivel,salario,estatus)
            VALUES(?,?,?,?)
Values: Array
(
    [0] => Inspector de Transito y Transporte
    [1] => Técnico
    [2] => 2825896
    [3] => 1
)


Success! Last Insert ID: 45

2025-05-28 17:30:06 - Query: INSERT INTO tbl_cargos(nombre,nivel,salario,estatus)
            VALUES(?,?,?,?)
Values: Array
(
    [0] => Técnico Operativo
    [1] => Técnico
    [2] => 2825896
    [3] => 1
)


Success! Last Insert ID: 46

2025-05-28 17:30:51 - Query: INSERT INTO tbl_cargos(nombre,nivel,salario,estatus)
            VALUES(?,?,?,?)
Values: Array
(
    [0] => Agente de Transito
    [1] => Técnico
    [2] => 2825896
    [3] => 1
)


Success! Last Insert ID: 47

2025-05-28 17:32:04 - Query: INSERT INTO tbl_cargos(nombre,nivel,salario,estatus)
            VALUES(?,?,?,?)
Values: Array
(
    [0] => Inspector de Policía Rural
    [1] => Técnico
    [2] => 1863360
    [3] => 1
)


Success! Last Insert ID: 48

2025-05-28 17:33:02 - Query: INSERT INTO tbl_cargos(nombre,nivel,salario,estatus)
            VALUES(?,?,?,?)
Values: Array
(
    [0] => Alcalde
    [1] => Directivo
    [2] => 7889729
    [3] => 1
)


Success! Last Insert ID: 49

2025-05-28 17:34:15 - Query: INSERT INTO tbl_cargos(nombre,nivel,salario,estatus)
            VALUES(?,?,?,?)
Values: Array
(
    [0] => Secretario de Despacho
    [1] => Directivo
    [2] => 5982216
    [3] => 1
)


Success! Last Insert ID: 50

2025-05-28 17:35:11 - Query: INSERT INTO tbl_cargos(nombre,nivel,salario,estatus)
            VALUES(?,?,?,?)
Values: Array
(
    [0] => Secretario Local de Salud
    [1] => Directivo
    [2] => 5982216
    [3] => 1
)


Success! Last Insert ID: 51

2025-05-28 17:36:00 - Query: INSERT INTO tbl_cargos(nombre,nivel,salario,estatus)
            VALUES(?,?,?,?)
Values: Array
(
    [0] => Jefe de Oficina de Control Interno Disciplinario
    [1] => Directivo
    [2] => 5982216
    [3] => 1
)


Success! Last Insert ID: 52

2025-05-28 17:36:41 - Query: INSERT INTO tbl_cargos(nombre,nivel,salario,estatus)
            VALUES(?,?,?,?)
Values: Array
(
    [0] => Jefe de Oficina de Tics
    [1] => Directivo
    [2] => 5982216
    [3] => 1
)


Success! Last Insert ID: 53

2025-05-28 17:37:16 - Query: INSERT INTO tbl_cargos(nombre,nivel,salario,estatus)
            VALUES(?,?,?,?)
Values: Array
(
    [0] => Jefe de Oficina de Contratación
    [1] => Directivo
    [2] => 5982216
    [3] => 1
)


Success! Last Insert ID: 54

2025-05-28 17:40:09 - Query: INSERT INTO tbl_cargos(nombre,nivel,salario,estatus)
            VALUES(?,?,?,?)
Values: Array
(
    [0] => Asesor de Despacho
    [1] => Asesor
    [2] => 5982216
    [3] => 1
)


Success! Last Insert ID: 55

2025-05-28 17:41:43 - Query: INSERT INTO tbl_cargos(nombre,nivel,salario,estatus)
            VALUES(?,?,?,?)
Values: Array
(
    [0] => Jefe de Oficina de Control Interno y Sistema de Gestión de Calidad
    [1] => Asesor
    [2] => 5982216
    [3] => 1
)


Success! Last Insert ID: 56

2025-05-28 17:44:04 - Query: INSERT INTO tbl_cargos(nombre,nivel,salario,estatus)
            VALUES(?,?,?,?)
Values: Array
(
    [0] => Jefe de Oficina Asesora de Talento Humano
    [1] => Asesor
    [2] => 5982216
    [3] => 1
)


Success! Last Insert ID: 57

2025-05-28 17:46:03 - Query: INSERT INTO tbl_cargos(nombre,nivel,salario,estatus)
            VALUES(?,?,?,?)
Values: Array
(
    [0] => Jefe de Oficina Asesora Jurídica, Legales y Administrativo
    [1] => Asesor
    [2] => 5982216
    [3] => 1
)


Success! Last Insert ID: 58

2025-05-28 17:48:41 - Query: INSERT INTO tbl_cargos(nombre,nivel,salario,estatus)
            VALUES(?,?,?,?)
Values: Array
(
    [0] => Tesorero General
    [1] => Profesional
    [2] => 5095929
    [3] => 1
)


Success! Last Insert ID: 59

2025-05-28 17:52:43 - Query: INSERT INTO tbl_cargos(nombre,nivel,salario,estatus)
            VALUES(?,?,?,?)
Values: Array
(
    [0] => Comisario de Familia
    [1] => Profesional
    [2] => 5095929
    [3] => 1
)


Success! Last Insert ID: 60

2025-05-28 17:53:19 - Query: INSERT INTO tbl_cargos(nombre,nivel,salario,estatus)
            VALUES(?,?,?,?)
Values: Array
(
    [0] => Almacenista General
    [1] => Profesional
    [2] => 5095929
    [3] => 1
)


Success! Last Insert ID: 61

2025-05-28 17:54:22 - Query: INSERT INTO tbl_cargos(nombre,nivel,salario,estatus)
            VALUES(?,?,?,?)
Values: Array
(
    [0] => Profesional Universitario (GS 2)
    [1] => Profesional
    [2] => 5095929
    [3] => 1
)


Success! Last Insert ID: 62

2025-05-28 17:55:50 - Query: INSERT INTO tbl_cargos(nombre,nivel,salario,estatus)
            VALUES(?,?,?,?)
Values: Array
(
    [0] => Profesional Universitario (GS 1)
    [1] => Profesional
    [2] => 4202612
    [3] => 1
)


Success! Last Insert ID: 63

2025-05-28 17:56:43 - Query: INSERT INTO tbl_cargos(nombre,nivel,salario,estatus)
            VALUES(?,?,?,?)
Values: Array
(
    [0] => Profesional Universitario Área de Salud (GS 2)
    [1] => Profesional
    [2] => 5095929
    [3] => 1
)


Success! Last Insert ID: 64

2025-05-28 17:56:59 - Query: INSERT INTO tbl_cargos(nombre,nivel,salario,estatus)
            VALUES(?,?,?,?)
Values: Array
(
    [0] => Profesional Universitario Área de Salud (GS 1)
    [1] => Profesional
    [2] => 4202612
    [3] => 1
)


Success! Last Insert ID: 65

2025-05-28 17:57:54 - Query: INSERT INTO tbl_cargos(nombre,nivel,salario,estatus)
            VALUES(?,?,?,?)
Values: Array
(
    [0] => Profesional Especializado
    [1] => Profesional
    [2] => 5542687
    [3] => 1
)


Success! Last Insert ID: 66

