REQUEST_METHOD: POST
POST data: Array
(
    [numImpresora] => dfdfs
    [marca] => sdfsd
    [modelo] => sdfsd
    [serial] => sdfsd
    [consumible] => dsfsd
    [estado] => Bueno
    [disponibilidad] => Asignado
    [id_funcionario] => 17
    [id_cargo] => Técnico Administrativo (GS 3)
    [id_dependencia] => Oficina de las NTIC
    [oficina] => sdfsd
    [id_contacto] => 2147483647
)

Data to insert: Array
(
    [numImpresora] => dfdfs
    [marca] => sdfsd
    [modelo] => sdfsd
    [serial] => sdfsd
    [consumible] => dsfsd
    [estado] => Bueno
    [disponibilidad] => Asignado
    [id_dependencia] => Oficina de las NTIC
    [oficina] => sdfsd
    [id_funcionario] => 17
    [id_cargo] => Técnico Administrativo (GS 3)
    [id_contacto] => 2147483647
)

Insert result: 0
REQUEST_METHOD: POST
POST data: Array
(
    [numImpresora] => dfdfs
    [marca] => sdfsd
    [modelo] => sdfsd
    [serial] => sdfsd
    [consumible] => dsfsd
    [estado] => Bueno
    [disponibilidad] => Asignado
    [id_funcionario] => 17
    [id_cargo] => Técnico Administrativo (GS 3)
    [id_dependencia] => Oficina de las NTIC
    [oficina] => sdfsd
    [id_contacto] => 2147483647
)

Data to insert: Array
(
    [numImpresora] => dfdfs
    [marca] => sdfsd
    [modelo] => sdfsd
    [serial] => sdfsd
    [consumible] => dsfsd
    [estado] => Bueno
    [disponibilidad] => Asignado
    [id_dependencia] => Oficina de las NTIC
    [oficina] => sdfsd
    [id_funcionario] => 17
    [id_cargo] => Técnico Administrativo (GS 3)
    [id_contacto] => 2147483647
)

Insert result: 0
REQUEST_METHOD: POST
POST data: Array
(
    [numImpresora] => IMP-1
    [marca] => HP
    [modelo] => LASERJET PRO MFP M125a
    [serial] => CNB6H7582LJW
    [consumible] => 83A
    [estado] => Bueno
    [disponibilidad] => Asignado
    [id_funcionario] => 17
    [id_cargo] => Técnico Administrativo (GS 3)
    [id_dependencia] => 1
    [oficina] => ntic
    [id_contacto] => 2147483647
)

Data to insert: Array
(
    [numImpresora] => IMP-1
    [marca] => HP
    [modelo] => LASERJET PRO MFP M125a
    [serial] => CNB6H7582LJW
    [consumible] => 83A
    [estado] => Bueno
    [disponibilidad] => Asignado
    [id_dependencia] => 1
    [oficina] => ntic
    [id_funcionario] => 17
    [id_cargo] => Técnico Administrativo (GS 3)
    [id_contacto] => 2147483647
)

Insert result: 10
REQUEST_METHOD: POST
POST data: Array
(
    [numImpresora] => IMP-1
    [marca] => HP
    [modelo] => LASERJET PRO MFP M125a
    [serial] => CNB6H7582LJW
    [consumible] => 83A
    [estado] => Bueno
    [disponibilidad] => Asignado
    [id_funcionario] => 17
    [id_cargo] => Técnico Administrativo (GS 3)
    [id_dependencia] => 1
    [oficina] => ntic
    [id_contacto] => 2147483647
)

Data to insert: Array
(
    [numImpresora] => IMP-1
    [marca] => HP
    [modelo] => LASERJET PRO MFP M125a
    [serial] => CNB6H7582LJW
    [consumible] => 83A
    [estado] => Bueno
    [disponibilidad] => Asignado
    [id_dependencia] => 1
    [oficina] => ntic
    [id_funcionario] => 17
    [id_cargo] => Técnico Administrativo (GS 3)
    [id_contacto] => 2147483647
)

Insert result: 11
